<?xml version="1.0" encoding="UTF-8"?>
<testsuite xmlns:xsi="http://www.w3.org/2001/XMLSchema-instance" xsi:noNamespaceSchemaLocation="https://maven.apache.org/surefire/maven-surefire-plugin/xsd/surefire-test-report-3.0.xsd" version="3.0" name="com.alura.aluraflixapi.controller.VideoControllerTest" time="5.927" tests="5" errors="0" skipped="0" failures="0">
  <properties>
[...]
</properties>
  <testcase name="get_video_by_id" classname="com.alura.aluraflixapi.controller.VideoControllerTest" time="0.839">
    <system-out><![CDATA[2023-10-26T10:55:46.718+02:00  INFO 33900 --- [           main] t.c.s.AnnotationConfigContextLoaderUtils : Could not detect default configuration classes for test class [com.alura.aluraflixapi.controller.VideoControllerTest]: VideoControllerTest does not declare any static, non-private, non-final, nested classes annotated with @Configuration.
2023-10-26T10:55:46.816+02:00  INFO 33900 --- [           main] .b.t.c.SpringBootTestContextBootstrapper : Found @SpringBootConfiguration com.alura.aluraflixapi.AluraFlixApiApplication for test class com.alura.aluraflixapi.controller.VideoControllerTest
2023-10-26T10:55:46.859+02:00  INFO 33900 --- [           main] o.s.b.d.r.RestartApplicationListener     : Restart disabled due to context in which it is running

  .   ____          _            __ _ _
 /\\ / ___'_ __ _ _(_)_ __  __ _ \ \ \ \
( ( )\___ | '_ | '_| | '_ \/ _` | \ \ \ \
 \\/  ___)| |_)| | | | | || (_| |  ) ) ) )
  '  |____| .__|_| |_|_| |_\__, | / / / /
 =========|_|==============|___/=/_/_/_/
 :: Spring Boot ::                (v3.1.5)

2023-10-26T10:55:46.968+02:00  INFO 33900 --- [           main] c.a.a.controller.VideoControllerTest     : Starting VideoControllerTest using Java 17.0.8 with PID 33900 (started by laurocorreia in /Users/laurocorreia/Documents/GitHub/alura-flix-api)
2023-10-26T10:55:46.969+02:00  INFO 33900 --- [           main] c.a.a.controller.VideoControllerTest     : No active profile set, falling back to 1 default profile: "default"
2023-10-26T10:55:50.411+02:00  WARN 33900 --- [           main] .s.s.UserDetailsServiceAutoConfiguration : 

Using generated security password: 694e816e-09e0-47b5-ba14-dc6040d6006c

This generated password is for development use only. Your security configuration must be updated before running your application in production.

2023-10-26T10:55:50.986+02:00  INFO 33900 --- [           main] o.s.s.web.DefaultSecurityFilterChain     : Will secure any request with [org.springframework.security.web.session.DisableEncodeUrlFilter@2775dd2e, org.springframework.security.web.context.request.async.WebAsyncManagerIntegrationFilter@627beb93, org.springframework.security.web.context.SecurityContextHolderFilter@57db81e2, org.springframework.security.web.header.HeaderWriterFilter@79ba32b3, org.springframework.security.web.csrf.CsrfFilter@7b01900f, org.springframework.security.web.authentication.logout.LogoutFilter@7fc998ef, org.springframework.security.web.authentication.UsernamePasswordAuthenticationFilter@8aedeb4, org.springframework.security.web.authentication.ui.DefaultLoginPageGeneratingFilter@7128d0c7, org.springframework.security.web.authentication.ui.DefaultLogoutPageGeneratingFilter@3aa768c0, org.springframework.security.web.authentication.www.BasicAuthenticationFilter@3d1cb317, org.springframework.security.web.savedrequest.RequestCacheAwareFilter@631a1820, org.springframework.security.web.servletapi.SecurityContextHolderAwareRequestFilter@777a67a0, org.springframework.security.web.authentication.AnonymousAuthenticationFilter@ee6533, org.springframework.security.web.access.ExceptionTranslationFilter@273ea660, org.springframework.security.web.access.intercept.AuthorizationFilter@1607278e]
2023-10-26T10:55:51.162+02:00  INFO 33900 --- [           main] o.s.b.t.m.w.SpringBootMockServletContext : Initializing Spring TestDispatcherServlet ''
2023-10-26T10:55:51.162+02:00  INFO 33900 --- [           main] o.s.t.web.servlet.TestDispatcherServlet  : Initializing Servlet ''
2023-10-26T10:55:51.164+02:00  INFO 33900 --- [           main] o.s.t.web.servlet.TestDispatcherServlet  : Completed initialization in 2 ms
2023-10-26T10:55:51.216+02:00  INFO 33900 --- [           main] c.a.a.controller.VideoControllerTest     : Started VideoControllerTest in 4.357 seconds (process running for 15.097)
2023-10-26T10:55:51.369+02:00  INFO 33900 --- [           main] c.a.a.i.security.SecurityFilter          : [SecurityFilter] request received intercepeted by Internal Filter
2023-10-26T10:55:51.535+02:00  INFO 33900 --- [           main] c.a.a.controller.VideoController         : [VideoController] Request to get a video by ID: 1

MockHttpServletRequest:
      HTTP Method = GET
      Request URI = /videos/1
       Parameters = {}
          Headers = [Content-Type:"application/json;charset=UTF-8"]
             Body = null
    Session Attrs = {SPRING_SECURITY_CONTEXT=SecurityContextImpl [Authentication=UsernamePasswordAuthenticationToken [Principal=org.springframework.security.core.userdetails.User [Username=admin, Password=[PROTECTED], Enabled=true, AccountNonExpired=true, credentialsNonExpired=true, AccountNonLocked=true, Granted Authorities=[ROLE_ADMIN]], Credentials=[PROTECTED], Authenticated=true, Details=null, Granted Authorities=[ROLE_ADMIN]]]}

Handler:
             Type = com.alura.aluraflixapi.controller.VideoController
           Method = com.alura.aluraflixapi.controller.VideoController#getById(String)

Async:
    Async started = false
     Async result = null

Resolved Exception:
             Type = null

ModelAndView:
        View name = null
             View = null
            Model = null

FlashMap:
       Attributes = null

MockHttpServletResponse:
           Status = 200
    Error message = null
          Headers = [Content-Type:"application/json", X-Content-Type-Options:"nosniff", X-XSS-Protection:"0", Cache-Control:"no-cache, no-store, max-age=0, must-revalidate", Pragma:"no-cache", Expires:"0", X-Frame-Options:"DENY"]
     Content type = application/json
             Body = {"id":"da8d2824-af95-4ecf-9641-613c33cfc008","title":"Lord of the rings - fellowship of the ring","description":"Lord of the rings - fellowship of the ring","url":"http://www.lordoftherings.com","category":{"id":"dee20c79-f4a0-470a-9d89-9bb3ef9c78ce","rating":"FREE","title":"Fantasy","colorHex":"#FFD700"}}
    Forwarded URL = null
   Redirected URL = null
          Cookies = []
]]></system-out>
  </testcase>
  <testcase name="delete_video_by_id_test" classname="com.alura.aluraflixapi.controller.VideoControllerTest" time="0.022">
    <system-out><![CDATA[2023-10-26T10:55:52.080+02:00  INFO 33900 --- [           main] c.a.a.i.security.SecurityFilter          : [SecurityFilter] request received intercepeted by Internal Filter
2023-10-26T10:55:52.081+02:00  INFO 33900 --- [           main] c.a.a.controller.VideoController         : [VideoController] Request to Delete a video by ID: 1

MockHttpServletRequest:
      HTTP Method = DELETE
      Request URI = /videos/1
       Parameters = {}
          Headers = [X-CSRF-TOKEN:"Oq7oH-iXErdxwDnBhbNwzW_JZu2m8JIe0DFjKMc_I4eCmd1cWJzQe9jxI4dcpl_xsZ5Erg74S9SRyKIz4AFQEKIHR7e3r-5u"]
             Body = null
    Session Attrs = {SPRING_SECURITY_CONTEXT=SecurityContextImpl [Authentication=UsernamePasswordAuthenticationToken [Principal=org.springframework.security.core.userdetails.User [Username=admin, Password=[PROTECTED], Enabled=true, AccountNonExpired=true, credentialsNonExpired=true, AccountNonLocked=true, Granted Authorities=[ROLE_ADMIN]], Credentials=[PROTECTED], Authenticated=true, Details=null, Granted Authorities=[ROLE_ADMIN]]]}

Handler:
             Type = com.alura.aluraflixapi.controller.VideoController
           Method = com.alura.aluraflixapi.controller.VideoController#delete(String)

Async:
    Async started = false
     Async result = null

Resolved Exception:
             Type = null

ModelAndView:
        View name = null
             View = null
            Model = null

FlashMap:
       Attributes = null

MockHttpServletResponse:
           Status = 204
    Error message = null
          Headers = [X-Content-Type-Options:"nosniff", X-XSS-Protection:"0", Cache-Control:"no-cache, no-store, max-age=0, must-revalidate", Pragma:"no-cache", Expires:"0", X-Frame-Options:"DENY"]
     Content type = null
             Body = 
    Forwarded URL = null
   Redirected URL = null
          Cookies = []
]]></system-out>
  </testcase>
  <testcase name="get_all_videos_test" classname="com.alura.aluraflixapi.controller.VideoControllerTest" time="0.104">
    <system-out><![CDATA[2023-10-26T10:55:52.103+02:00  INFO 33900 --- [           main] c.a.a.i.security.SecurityFilter          : [SecurityFilter] request received intercepeted by Internal Filter
2023-10-26T10:55:52.114+02:00  INFO 33900 --- [           main] c.a.a.controller.VideoController         : [VideoController] Request to get All videos
2023-10-26T10:55:52.115+02:00  INFO 33900 --- [           main] c.a.a.controller.VideoController         : [VideoController] Response Page 1 of 1 containing com.alura.aluraflixapi.domain.video.dto.VideoDto instances: 

MockHttpServletRequest:
      HTTP Method = GET
      Request URI = /videos
       Parameters = {}
          Headers = [Content-Type:"application/json;charset=UTF-8"]
             Body = null
    Session Attrs = {SPRING_SECURITY_CONTEXT=SecurityContextImpl [Authentication=UsernamePasswordAuthenticationToken [Principal=org.springframework.security.core.userdetails.User [Username=admin, Password=[PROTECTED], Enabled=true, AccountNonExpired=true, credentialsNonExpired=true, AccountNonLocked=true, Granted Authorities=[ROLE_ADMIN]], Credentials=[PROTECTED], Authenticated=true, Details=null, Granted Authorities=[ROLE_ADMIN]]]}

Handler:
             Type = com.alura.aluraflixapi.controller.VideoController
           Method = com.alura.aluraflixapi.controller.VideoController#getVideos(Pageable)

Async:
    Async started = false
     Async result = null

Resolved Exception:
             Type = null

ModelAndView:
        View name = null
             View = null
            Model = null

FlashMap:
       Attributes = null

MockHttpServletResponse:
           Status = 200
    Error message = null
          Headers = [Content-Type:"application/json", X-Content-Type-Options:"nosniff", X-XSS-Protection:"0", Cache-Control:"no-cache, no-store, max-age=0, must-revalidate", Pragma:"no-cache", Expires:"0", X-Frame-Options:"DENY"]
     Content type = application/json
             Body = {"content":[{"id":"3ae6e2c6-4919-47ac-8934-b3cac46badf7","title":"Lord of the rings - fellowship of the ring","description":"Lord of the rings - fellowship of the ring","url":"http://www.lordoftherings.com","category":{"id":"d1c624ba-6e55-4ba5-907d-0f274353d030","rating":"FREE","title":"Fantasy","colorHex":"#FFD700"}},{"id":"978cfe04-3ddf-4216-a645-40036ef11171","title":"Lord of the rings - return of the king","description":"Lord of the rings - return of the king","url":"http://www.lordoftherings.com","category":{"id":"d1c624ba-6e55-4ba5-907d-0f274353d030","rating":"FREE","title":"Fantasy","colorHex":"#FFD700"}},{"id":"0bc467b4-7a9f-448f-b38f-ce56444de9c9","title":"Lord of the rings - The Two towers","description":"Lord of the rings - The Two towers","url":"http://www.lordoftherings.com","category":{"id":"d1c624ba-6e55-4ba5-907d-0f274353d030","rating":"FREE","title":"Fantasy","colorHex":"#FFD700"}},{"id":"7e1d0254-fbba-4d22-b6f5-dce34412249f","title":"The hobbit - unnespect adventure","description":"The hobbit - unnespect adventure","url":"http://www.thehobbit.com","category":{"id":"d1c624ba-6e55-4ba5-907d-0f274353d030","rating":"FREE","title":"Fantasy","colorHex":"#FFD700"}}],"pageable":"INSTANCE","totalPages":1,"totalElements":4,"last":true,"size":4,"number":0,"sort":{"empty":true,"sorted":false,"unsorted":true},"numberOfElements":4,"first":true,"empty":false}
    Forwarded URL = null
   Redirected URL = null
          Cookies = []
]]></system-out>
  </testcase>
  <testcase name="save_a_new_video_test" classname="com.alura.aluraflixapi.controller.VideoControllerTest" time="0.382">
    <system-out><![CDATA[2023-10-26T10:55:52.213+02:00  INFO 33900 --- [           main] c.a.a.i.security.SecurityFilter          : [SecurityFilter] request received intercepeted by Internal Filter
2023-10-26T10:55:52.568+02:00  INFO 33900 --- [           main] c.a.a.controller.VideoController         : [VideoController] Request to Save a new video: VideoDto[id=2b5d466a-3986-46ff-bd36-a117d4f1672c, title=Rings of power, description=Rings of power Amazon Series, url=http://www.ringsofpower.com, category=CategoryDto[id=84e60ea3-bec3-47cb-9cd6-114e079650bf, rating=FANTASY, title=Fantasy, colorHex=#ffd700]]

MockHttpServletRequest:
      HTTP Method = POST
      Request URI = /videos
       Parameters = {}
          Headers = [Content-Type:"application/json;charset=UTF-8", Content-Length:"266", X-CSRF-TOKEN:"b8tPapMuXO3hvtKw-kpOElY0FuvaKhcev4ZEuDPPnWccw0rsXPwuUqQWOd7M2OWAmGd6czVWO9PjEnEz3Ocnjwf4r18v9nKI"]
             Body = {"id":"2b5d466a-3986-46ff-bd36-a117d4f1672c","title":"Rings of power","description":"Rings of power Amazon Series","url":"http://www.ringsofpower.com","category":{"id":"84e60ea3-bec3-47cb-9cd6-114e079650bf","rating":"FANTASY","title":"Fantasy","colorHex":"#ffd700"}}
    Session Attrs = {SPRING_SECURITY_CONTEXT=SecurityContextImpl [Authentication=UsernamePasswordAuthenticationToken [Principal=org.springframework.security.core.userdetails.User [Username=admin, Password=[PROTECTED], Enabled=true, AccountNonExpired=true, credentialsNonExpired=true, AccountNonLocked=true, Granted Authorities=[ROLE_ADMIN]], Credentials=[PROTECTED], Authenticated=true, Details=null, Granted Authorities=[ROLE_ADMIN]]]}

Handler:
             Type = com.alura.aluraflixapi.controller.VideoController
           Method = com.alura.aluraflixapi.controller.VideoController#save(VideoDto, UriComponentsBuilder)

Async:
    Async started = false
     Async result = null

Resolved Exception:
             Type = null

ModelAndView:
        View name = null
             View = null
            Model = null

FlashMap:
       Attributes = null

MockHttpServletResponse:
           Status = 201
    Error message = null
          Headers = [Location:"http://localhost/videos/2b5d466a-3986-46ff-bd36-a117d4f1672c", Content-Type:"application/json", X-Content-Type-Options:"nosniff", X-XSS-Protection:"0", Cache-Control:"no-cache, no-store, max-age=0, must-revalidate", Pragma:"no-cache", Expires:"0", X-Frame-Options:"DENY"]
     Content type = application/json
             Body = {"id":"2b5d466a-3986-46ff-bd36-a117d4f1672c","title":"Rings of power","description":"Rings of power Amazon Series","url":"http://www.ringsofpower.com","category":{"id":"84e60ea3-bec3-47cb-9cd6-114e079650bf","rating":"FANTASY","title":"Fantasy","colorHex":"#ffd700"}}
    Forwarded URL = null
   Redirected URL = http://localhost/videos/2b5d466a-3986-46ff-bd36-a117d4f1672c
          Cookies = []
]]></system-out>
  </testcase>
  <testcase name="update_video_by_id_test" classname="com.alura.aluraflixapi.controller.VideoControllerTest" time="0.033">
    <system-out><![CDATA[2023-10-26T10:55:52.598+02:00  INFO 33900 --- [           main] c.a.a.i.security.SecurityFilter          : [SecurityFilter] request received intercepeted by Internal Filter
2023-10-26T10:55:52.606+02:00  INFO 33900 --- [           main] c.a.a.controller.VideoController         : [VideoController] Request to update a video: UpdateVideoDto[id=f06443c6-26f2-4243-b17f-189dec6c3f8d, title=Hobbit: La batalla de los cincos ejercitos, description=La batalla de los cincos ejercitos, url=www.thehobbit2.com, category=CategoryDto[id=5139ec38-f4c2-457f-8965-c052b2fac23a, rating=FANTASY, title=Fantasy, colorHex=#FFD700]]

MockHttpServletRequest:
      HTTP Method = PUT
      Request URI = /videos
       Parameters = {}
          Headers = [Content-Type:"application/json;charset=UTF-8", Content-Length:"291", X-CSRF-TOKEN:"bXvawWKXC2vSDAbaXVxOgAPjFIdqYgCR8neUzBaoQ1fb27nTVUu8oAP0bVv_ODW5aXF6tzuHOeVcAzO8wROj-yCYIG_i44qx"]
             Body = {"id":"f06443c6-26f2-4243-b17f-189dec6c3f8d","title":"Hobbit: La batalla de los cincos ejercitos","description":"La batalla de los cincos ejercitos","url":"www.thehobbit2.com","category":{"id":"5139ec38-f4c2-457f-8965-c052b2fac23a","rating":"FANTASY","title":"Fantasy","colorHex":"#FFD700"}}
    Session Attrs = {SPRING_SECURITY_CONTEXT=SecurityContextImpl [Authentication=UsernamePasswordAuthenticationToken [Principal=org.springframework.security.core.userdetails.User [Username=admin, Password=[PROTECTED], Enabled=true, AccountNonExpired=true, credentialsNonExpired=true, AccountNonLocked=true, Granted Authorities=[ROLE_ADMIN]], Credentials=[PROTECTED], Authenticated=true, Details=null, Granted Authorities=[ROLE_ADMIN]]]}

Handler:
             Type = com.alura.aluraflixapi.controller.VideoController
           Method = com.alura.aluraflixapi.controller.VideoController#update(UpdateVideoDto, UriComponentsBuilder)

Async:
    Async started = false
     Async result = null

Resolved Exception:
             Type = null

ModelAndView:
        View name = null
             View = null
            Model = null

FlashMap:
       Attributes = null

MockHttpServletResponse:
           Status = 201
    Error message = null
          Headers = [Location:"http://localhost/videos/f06443c6-26f2-4243-b17f-189dec6c3f8d", Content-Type:"application/json", X-Content-Type-Options:"nosniff", X-XSS-Protection:"0", Cache-Control:"no-cache, no-store, max-age=0, must-revalidate", Pragma:"no-cache", Expires:"0", X-Frame-Options:"DENY"]
     Content type = application/json
             Body = {"id":"f06443c6-26f2-4243-b17f-189dec6c3f8d","title":"Hobbit: La batalla de los cincos ejercitos","description":"La batalla de los cincos ejercitos","url":"www.thehobbit2.com","category":{"id":"5139ec38-f4c2-457f-8965-c052b2fac23a","rating":"FANTASY","title":"Fantasy","colorHex":"#FFD700"}}
    Forwarded URL = null
   Redirected URL = http://localhost/videos/f06443c6-26f2-4243-b17f-189dec6c3f8d
          Cookies = []
]]></system-out>
  </testcase>
</testsuite>