<?xml version="1.0" encoding="UTF-8"?>
<testsuite xmlns:xsi="http://www.w3.org/2001/XMLSchema-instance" xsi:noNamespaceSchemaLocation="https://maven.apache.org/surefire/maven-surefire-plugin/xsd/surefire-test-report-3.0.xsd" version="3.0" name="com.alura.aluraflixapi.controller.VideoControllerTest" time="5.701" tests="5" errors="0" skipped="0" failures="0">
  <properties>
[...]
</properties>
  <testcase name="get_video_by_id" classname="com.alura.aluraflixapi.controller.VideoControllerTest" time="0.717">
    <system-out><![CDATA[2023-10-11T11:13:38.197+02:00  INFO 61904 --- [           main] t.c.s.AnnotationConfigContextLoaderUtils : Could not detect default configuration classes for test class [com.alura.aluraflixapi.controller.VideoControllerTest]: VideoControllerTest does not declare any static, non-private, non-final, nested classes annotated with @Configuration.
2023-10-11T11:13:38.306+02:00  INFO 61904 --- [           main] .b.t.c.SpringBootTestContextBootstrapper : Found @SpringBootConfiguration com.alura.aluraflixapi.AluraFlixApiApplication for test class com.alura.aluraflixapi.controller.VideoControllerTest

  .   ____          _            __ _ _
 /\\ / ___'_ __ _ _(_)_ __  __ _ \ \ \ \
( ( )\___ | '_ | '_| | '_ \/ _` | \ \ \ \
 \\/  ___)| |_)| | | | | || (_| |  ) ) ) )
  '  |____| .__|_| |_|_| |_\__, | / / / /
 =========|_|==============|___/=/_/_/_/
 :: Spring Boot ::                (v3.1.4)

2023-10-11T11:13:38.461+02:00  INFO 61904 --- [           main] c.a.a.controller.VideoControllerTest     : Starting VideoControllerTest using Java 17.0.8 with PID 61904 (started by laurocorreia in /Users/laurocorreia/Documents/GitHub/alura-flix-api)
2023-10-11T11:13:38.462+02:00  INFO 61904 --- [           main] c.a.a.controller.VideoControllerTest     : No active profile set, falling back to 1 default profile: "default"
2023-10-11T11:13:41.883+02:00  WARN 61904 --- [           main] .s.s.UserDetailsServiceAutoConfiguration : 

Using generated security password: f30c3b9e-d98c-4318-b2b9-462cadb1abd7

This generated password is for development use only. Your security configuration must be updated before running your application in production.

2023-10-11T11:13:42.436+02:00  INFO 61904 --- [           main] o.s.s.web.DefaultSecurityFilterChain     : Will secure any request with [org.springframework.security.web.session.DisableEncodeUrlFilter@2b8df4bc, org.springframework.security.web.context.request.async.WebAsyncManagerIntegrationFilter@3469a432, org.springframework.security.web.context.SecurityContextHolderFilter@680410ec, org.springframework.security.web.header.HeaderWriterFilter@4eb870be, org.springframework.security.web.csrf.CsrfFilter@5e9da956, org.springframework.security.web.authentication.logout.LogoutFilter@2dec97ea, org.springframework.security.web.authentication.UsernamePasswordAuthenticationFilter@97b54ad, org.springframework.security.web.authentication.ui.DefaultLoginPageGeneratingFilter@1f44c6b6, org.springframework.security.web.authentication.ui.DefaultLogoutPageGeneratingFilter@42994d28, org.springframework.security.web.authentication.www.BasicAuthenticationFilter@3a4999fe, org.springframework.security.web.savedrequest.RequestCacheAwareFilter@147058d0, org.springframework.security.web.servletapi.SecurityContextHolderAwareRequestFilter@7d440b1f, org.springframework.security.web.authentication.AnonymousAuthenticationFilter@7e821499, org.springframework.security.web.access.ExceptionTranslationFilter@2c27e36, org.springframework.security.web.access.intercept.AuthorizationFilter@ee6533]
2023-10-11T11:13:42.609+02:00  INFO 61904 --- [           main] o.s.b.t.m.w.SpringBootMockServletContext : Initializing Spring TestDispatcherServlet ''
2023-10-11T11:13:42.609+02:00  INFO 61904 --- [           main] o.s.t.web.servlet.TestDispatcherServlet  : Initializing Servlet ''
2023-10-11T11:13:42.612+02:00  INFO 61904 --- [           main] o.s.t.web.servlet.TestDispatcherServlet  : Completed initialization in 2 ms
2023-10-11T11:13:42.662+02:00  INFO 61904 --- [           main] c.a.a.controller.VideoControllerTest     : Started VideoControllerTest in 4.3 seconds (process running for 14.528)
2023-10-11T11:13:42.794+02:00  INFO 61904 --- [           main] c.a.a.i.security.SecurityFilter          : [SecurityFilter] request received intercepeted by Internal Filter
2023-10-11T11:13:42.933+02:00  INFO 61904 --- [           main] c.a.a.controller.VideoController         : [VideoController] Request to get a video by ID: 1

MockHttpServletRequest:
      HTTP Method = GET
      Request URI = /videos/1
       Parameters = {}
          Headers = [Content-Type:"application/json;charset=UTF-8"]
             Body = null
    Session Attrs = {SPRING_SECURITY_CONTEXT=SecurityContextImpl [Authentication=UsernamePasswordAuthenticationToken [Principal=org.springframework.security.core.userdetails.User [Username=admin, Password=[PROTECTED], Enabled=true, AccountNonExpired=true, credentialsNonExpired=true, AccountNonLocked=true, Granted Authorities=[ROLE_ADMIN]], Credentials=[PROTECTED], Authenticated=true, Details=null, Granted Authorities=[ROLE_ADMIN]]]}

Handler:
             Type = com.alura.aluraflixapi.controller.VideoController
           Method = com.alura.aluraflixapi.controller.VideoController#getById(String)

Async:
    Async started = false
     Async result = null

Resolved Exception:
             Type = null

ModelAndView:
        View name = null
             View = null
            Model = null

FlashMap:
       Attributes = null

MockHttpServletResponse:
           Status = 200
    Error message = null
          Headers = [Content-Type:"application/json", X-Content-Type-Options:"nosniff", X-XSS-Protection:"0", Cache-Control:"no-cache, no-store, max-age=0, must-revalidate", Pragma:"no-cache", Expires:"0", X-Frame-Options:"DENY"]
     Content type = application/json
             Body = {"id":"b20fb64a-217e-47b4-ad87-8b781b288bcb","title":"Lord of the rings - fellowship of the ring","description":"Lord of the rings - fellowship of the ring","url":"http://www.lordoftherings.com","category":{"id":"de522cbb-329e-49ad-a1a4-6ecddbd51d14","rating":"FREE","title":"Fantasy","colorHex":"#FFD700"}}
    Forwarded URL = null
   Redirected URL = null
          Cookies = []
]]></system-out>
  </testcase>
  <testcase name="delete_video_by_id_test" classname="com.alura.aluraflixapi.controller.VideoControllerTest" time="0.025">
    <system-out><![CDATA[2023-10-11T11:13:43.404+02:00  INFO 61904 --- [           main] c.a.a.i.security.SecurityFilter          : [SecurityFilter] request received intercepeted by Internal Filter
2023-10-11T11:13:43.406+02:00  INFO 61904 --- [           main] c.a.a.controller.VideoController         : [VideoController] Request to Delete a video by ID: 1

MockHttpServletRequest:
      HTTP Method = DELETE
      Request URI = /videos/1
       Parameters = {}
          Headers = [X-CSRF-TOKEN:"o8ss6i_vvHeoJGLS6inhxIB_h0eMq-nYJC2R59OIoY66Zc0fkPhIiR7ajBSFQVu23QTV8rlKqn_ukoz1FRzy0Le7le2OV_gm"]
             Body = null
    Session Attrs = {SPRING_SECURITY_CONTEXT=SecurityContextImpl [Authentication=UsernamePasswordAuthenticationToken [Principal=org.springframework.security.core.userdetails.User [Username=admin, Password=[PROTECTED], Enabled=true, AccountNonExpired=true, credentialsNonExpired=true, AccountNonLocked=true, Granted Authorities=[ROLE_ADMIN]], Credentials=[PROTECTED], Authenticated=true, Details=null, Granted Authorities=[ROLE_ADMIN]]]}

Handler:
             Type = com.alura.aluraflixapi.controller.VideoController
           Method = com.alura.aluraflixapi.controller.VideoController#delete(String)

Async:
    Async started = false
     Async result = null

Resolved Exception:
             Type = null

ModelAndView:
        View name = null
             View = null
            Model = null

FlashMap:
       Attributes = null

MockHttpServletResponse:
           Status = 204
    Error message = null
          Headers = [X-Content-Type-Options:"nosniff", X-XSS-Protection:"0", Cache-Control:"no-cache, no-store, max-age=0, must-revalidate", Pragma:"no-cache", Expires:"0", X-Frame-Options:"DENY"]
     Content type = null
             Body = 
    Forwarded URL = null
   Redirected URL = null
          Cookies = []
]]></system-out>
  </testcase>
  <testcase name="get_all_videos_test" classname="com.alura.aluraflixapi.controller.VideoControllerTest" time="0.1">
    <system-out><![CDATA[2023-10-11T11:13:43.428+02:00  INFO 61904 --- [           main] c.a.a.i.security.SecurityFilter          : [SecurityFilter] request received intercepeted by Internal Filter
2023-10-11T11:13:43.439+02:00  INFO 61904 --- [           main] c.a.a.controller.VideoController         : [VideoController] Request to get All videos
2023-10-11T11:13:43.440+02:00  INFO 61904 --- [           main] c.a.a.controller.VideoController         : [VideoController] Response Page 1 of 1 containing com.alura.aluraflixapi.domain.video.dto.VideoDto instances: 

MockHttpServletRequest:
      HTTP Method = GET
      Request URI = /videos
       Parameters = {}
          Headers = [Content-Type:"application/json;charset=UTF-8"]
             Body = null
    Session Attrs = {SPRING_SECURITY_CONTEXT=SecurityContextImpl [Authentication=UsernamePasswordAuthenticationToken [Principal=org.springframework.security.core.userdetails.User [Username=admin, Password=[PROTECTED], Enabled=true, AccountNonExpired=true, credentialsNonExpired=true, AccountNonLocked=true, Granted Authorities=[ROLE_ADMIN]], Credentials=[PROTECTED], Authenticated=true, Details=null, Granted Authorities=[ROLE_ADMIN]]]}

Handler:
             Type = com.alura.aluraflixapi.controller.VideoController
           Method = com.alura.aluraflixapi.controller.VideoController#getVideos(Pageable)

Async:
    Async started = false
     Async result = null

Resolved Exception:
             Type = null

ModelAndView:
        View name = null
             View = null
            Model = null

FlashMap:
       Attributes = null

MockHttpServletResponse:
           Status = 200
    Error message = null
          Headers = [Content-Type:"application/json", X-Content-Type-Options:"nosniff", X-XSS-Protection:"0", Cache-Control:"no-cache, no-store, max-age=0, must-revalidate", Pragma:"no-cache", Expires:"0", X-Frame-Options:"DENY"]
     Content type = application/json
             Body = {"content":[{"id":"80305312-ad68-4357-9152-f7d91c24c6ca","title":"Lord of the rings - fellowship of the ring","description":"Lord of the rings - fellowship of the ring","url":"http://www.lordoftherings.com","category":{"id":"4bfe09ba-4f00-4347-b607-d7efa0149356","rating":"FREE","title":"Fantasy","colorHex":"#FFD700"}},{"id":"715caa3d-0c8f-42c7-b463-0b7bf8a3e8cb","title":"Lord of the rings - return of the king","description":"Lord of the rings - return of the king","url":"http://www.lordoftherings.com","category":{"id":"4bfe09ba-4f00-4347-b607-d7efa0149356","rating":"FREE","title":"Fantasy","colorHex":"#FFD700"}},{"id":"cf508c8b-512b-43fe-9f12-584a349bd0e1","title":"Lord of the rings - The Two towers","description":"Lord of the rings - The Two towers","url":"http://www.lordoftherings.com","category":{"id":"4bfe09ba-4f00-4347-b607-d7efa0149356","rating":"FREE","title":"Fantasy","colorHex":"#FFD700"}},{"id":"312d044c-1d0c-440c-b3c6-695cd213f4e1","title":"The hobbit - unnespect adventure","description":"The hobbit - unnespect adventure","url":"http://www.thehobbit.com","category":{"id":"4bfe09ba-4f00-4347-b607-d7efa0149356","rating":"FREE","title":"Fantasy","colorHex":"#FFD700"}}],"pageable":"INSTANCE","totalPages":1,"totalElements":4,"last":true,"size":4,"number":0,"sort":{"empty":true,"unsorted":true,"sorted":false},"numberOfElements":4,"first":true,"empty":false}
    Forwarded URL = null
   Redirected URL = null
          Cookies = []
]]></system-out>
  </testcase>
  <testcase name="save_a_new_video_test" classname="com.alura.aluraflixapi.controller.VideoControllerTest" time="0.314">
    <system-out><![CDATA[2023-10-11T11:13:43.535+02:00  INFO 61904 --- [           main] c.a.a.i.security.SecurityFilter          : [SecurityFilter] request received intercepeted by Internal Filter
2023-10-11T11:13:43.811+02:00  INFO 61904 --- [           main] c.a.a.controller.VideoController         : [VideoController] Request to Save a new video: VideoDto[id=0e05e811-78e6-4757-b4be-d90b1e8d61bf, title=Rings of power, description=Rings of power Amazon Series, url=http://www.ringsofpower.com, category=CategoryDto[id=9650cea0-8b5b-4d9b-aeaf-2ffac24d4828, rating=FANTASY, title=Fantasy, colorHex=#ffd700]]

MockHttpServletRequest:
      HTTP Method = POST
      Request URI = /videos
       Parameters = {}
          Headers = [Content-Type:"application/json;charset=UTF-8", Content-Length:"266", X-CSRF-TOKEN:"jF0QE_Y5_ey91lpVu_SuYIUQ4LQMKLgnu7cH69-9r3zfKpNf7zh0IcQPm4iQ5W1m2NmaBbYjzY08TooK39E32emMl07oE_Jo"]
             Body = {"id":"0e05e811-78e6-4757-b4be-d90b1e8d61bf","title":"Rings of power","description":"Rings of power Amazon Series","url":"http://www.ringsofpower.com","category":{"id":"9650cea0-8b5b-4d9b-aeaf-2ffac24d4828","rating":"FANTASY","title":"Fantasy","colorHex":"#ffd700"}}
    Session Attrs = {SPRING_SECURITY_CONTEXT=SecurityContextImpl [Authentication=UsernamePasswordAuthenticationToken [Principal=org.springframework.security.core.userdetails.User [Username=admin, Password=[PROTECTED], Enabled=true, AccountNonExpired=true, credentialsNonExpired=true, AccountNonLocked=true, Granted Authorities=[ROLE_ADMIN]], Credentials=[PROTECTED], Authenticated=true, Details=null, Granted Authorities=[ROLE_ADMIN]]]}

Handler:
             Type = com.alura.aluraflixapi.controller.VideoController
           Method = com.alura.aluraflixapi.controller.VideoController#save(VideoDto, UriComponentsBuilder)

Async:
    Async started = false
     Async result = null

Resolved Exception:
             Type = null

ModelAndView:
        View name = null
             View = null
            Model = null

FlashMap:
       Attributes = null

MockHttpServletResponse:
           Status = 201
    Error message = null
          Headers = [Location:"http://localhost/videos/0e05e811-78e6-4757-b4be-d90b1e8d61bf", Content-Type:"application/json", X-Content-Type-Options:"nosniff", X-XSS-Protection:"0", Cache-Control:"no-cache, no-store, max-age=0, must-revalidate", Pragma:"no-cache", Expires:"0", X-Frame-Options:"DENY"]
     Content type = application/json
             Body = {"id":"0e05e811-78e6-4757-b4be-d90b1e8d61bf","title":"Rings of power","description":"Rings of power Amazon Series","url":"http://www.ringsofpower.com","category":{"id":"9650cea0-8b5b-4d9b-aeaf-2ffac24d4828","rating":"FANTASY","title":"Fantasy","colorHex":"#ffd700"}}
    Forwarded URL = null
   Redirected URL = http://localhost/videos/0e05e811-78e6-4757-b4be-d90b1e8d61bf
          Cookies = []
]]></system-out>
  </testcase>
  <testcase name="update_video_by_id_test" classname="com.alura.aluraflixapi.controller.VideoControllerTest" time="0.038">
    <system-out><![CDATA[2023-10-11T11:13:43.858+02:00  INFO 61904 --- [           main] c.a.a.i.security.SecurityFilter          : [SecurityFilter] request received intercepeted by Internal Filter
2023-10-11T11:13:43.867+02:00  INFO 61904 --- [           main] c.a.a.controller.VideoController         : [VideoController] Request to update a video: UpdateVideoDto[id=d5b339ed-5a9c-4d48-8566-6293aa7f0810, title=Hobbit: La batalla de los cincos ejercitos, description=La batalla de los cincos ejercitos, url=www.thehobbit2.com, category=CategoryDto[id=6a0d1643-746c-46fc-8a85-f5669f6c5c38, rating=FANTASY, title=Fantasy, colorHex=#FFD700]]

MockHttpServletRequest:
      HTTP Method = PUT
      Request URI = /videos
       Parameters = {}
          Headers = [Content-Type:"application/json;charset=UTF-8", Content-Length:"291", X-CSRF-TOKEN:"HyWmvK3v4F1J1dfZBKS0KSO_8ega0c5zEffk0195kizZjn5qKEeU2cmJ2T9ktObrYYmAHxLe3NEis_ded8bR5DwYpE6_vU0I"]
             Body = {"id":"d5b339ed-5a9c-4d48-8566-6293aa7f0810","title":"Hobbit: La batalla de los cincos ejercitos","description":"La batalla de los cincos ejercitos","url":"www.thehobbit2.com","category":{"id":"6a0d1643-746c-46fc-8a85-f5669f6c5c38","rating":"FANTASY","title":"Fantasy","colorHex":"#FFD700"}}
    Session Attrs = {SPRING_SECURITY_CONTEXT=SecurityContextImpl [Authentication=UsernamePasswordAuthenticationToken [Principal=org.springframework.security.core.userdetails.User [Username=admin, Password=[PROTECTED], Enabled=true, AccountNonExpired=true, credentialsNonExpired=true, AccountNonLocked=true, Granted Authorities=[ROLE_ADMIN]], Credentials=[PROTECTED], Authenticated=true, Details=null, Granted Authorities=[ROLE_ADMIN]]]}

Handler:
             Type = com.alura.aluraflixapi.controller.VideoController
           Method = com.alura.aluraflixapi.controller.VideoController#update(UpdateVideoDto, UriComponentsBuilder)

Async:
    Async started = false
     Async result = null

Resolved Exception:
             Type = null

ModelAndView:
        View name = null
             View = null
            Model = null

FlashMap:
       Attributes = null

MockHttpServletResponse:
           Status = 201
    Error message = null
          Headers = [Location:"http://localhost/videos/d5b339ed-5a9c-4d48-8566-6293aa7f0810", Content-Type:"application/json", X-Content-Type-Options:"nosniff", X-XSS-Protection:"0", Cache-Control:"no-cache, no-store, max-age=0, must-revalidate", Pragma:"no-cache", Expires:"0", X-Frame-Options:"DENY"]
     Content type = application/json
             Body = {"id":"d5b339ed-5a9c-4d48-8566-6293aa7f0810","title":"Hobbit: La batalla de los cincos ejercitos","description":"La batalla de los cincos ejercitos","url":"www.thehobbit2.com","category":{"id":"6a0d1643-746c-46fc-8a85-f5669f6c5c38","rating":"FANTASY","title":"Fantasy","colorHex":"#FFD700"}}
    Forwarded URL = null
   Redirected URL = http://localhost/videos/d5b339ed-5a9c-4d48-8566-6293aa7f0810
          Cookies = []
]]></system-out>
  </testcase>
</testsuite>