<?xml version="1.0" encoding="UTF-8"?>
<testsuite xmlns:xsi="http://www.w3.org/2001/XMLSchema-instance" xsi:noNamespaceSchemaLocation="https://maven.apache.org/surefire/maven-surefire-plugin/xsd/surefire-test-report-3.0.xsd" version="3.0" name="com.alura.aluraflixapi.infraestructure.repository.VideoRepositoryTest" time="7.134" tests="2" errors="0" skipped="0" failures="0">
  <properties>
[...]
</properties>
  <testcase name="findVideoByTitleTest" classname="com.alura.aluraflixapi.infraestructure.repository.VideoRepositoryTest" time="2.608">
    <system-out><![CDATA[11:13:29.991 [main] INFO org.springframework.test.context.support.AnnotationConfigContextLoaderUtils -- Could not detect default configuration classes for test class [com.alura.aluraflixapi.infraestructure.repository.VideoRepositoryTest]: VideoRepositoryTest does not declare any static, non-private, non-final, nested classes annotated with @Configuration.
11:13:30.258 [main] INFO org.springframework.boot.test.context.SpringBootTestContextBootstrapper -- Found @SpringBootConfiguration com.alura.aluraflixapi.AluraFlixApiApplication for test class com.alura.aluraflixapi.infraestructure.repository.VideoRepositoryTest

  .   ____          _            __ _ _
 /\\ / ___'_ __ _ _(_)_ __  __ _ \ \ \ \
( ( )\___ | '_ | '_| | '_ \/ _` | \ \ \ \
 \\/  ___)| |_)| | | | | || (_| |  ) ) ) )
  '  |____| .__|_| |_|_| |_\__, | / / / /
 =========|_|==============|___/=/_/_/_/
 :: Spring Boot ::                (v3.1.4)

2023-10-11T11:13:31.380+02:00  INFO 61904 --- [           main] c.a.a.i.repository.VideoRepositoryTest   : Starting VideoRepositoryTest using Java 17.0.8 with PID 61904 (started by laurocorreia in /Users/laurocorreia/Documents/GitHub/alura-flix-api)
2023-10-11T11:13:31.382+02:00  INFO 61904 --- [           main] c.a.a.i.repository.VideoRepositoryTest   : The following 1 profile is active: "test"
2023-10-11T11:13:32.002+02:00  INFO 61904 --- [           main] .s.d.r.c.RepositoryConfigurationDelegate : Bootstrapping Spring Data MongoDB repositories in DEFAULT mode.
2023-10-11T11:13:32.149+02:00  INFO 61904 --- [           main] .s.d.r.c.RepositoryConfigurationDelegate : Finished Spring Data repository scanning in 137 ms. Found 4 MongoDB repository interfaces.
2023-10-11T11:13:32.722+02:00  INFO 61904 --- [2kd.mongodb.net] org.mongodb.driver.cluster               : Adding discovered server ac-pxfz1qv-shard-00-00.qixe2kd.mongodb.net:27017 to client view of cluster
2023-10-11T11:13:32.762+02:00  INFO 61904 --- [           main] org.mongodb.driver.client                : MongoClient with metadata {"driver": {"name": "mongo-java-driver|sync|spring-boot", "version": "4.9.1"}, "os": {"type": "Darwin", "name": "Mac OS X", "architecture": "x86_64", "version": "13.6"}, "platform": "Java/Homebrew/17.0.8+0"} created with settings MongoClientSettings{readPreference=primary, writeConcern=WriteConcern{w=majority, wTimeout=null ms, journal=null}, retryWrites=true, retryReads=true, readConcern=ReadConcern{level=null}, credential=MongoCredential{mechanism=null, userName='laurosilveira', source='admin', password=<hidden>, mechanismProperties=<hidden>}, streamFactoryFactory=null, commandListeners=[], codecRegistry=ProvidersCodecRegistry{codecProviders=[ValueCodecProvider{}, BsonValueCodecProvider{}, DBRefCodecProvider{}, DBObjectCodecProvider{}, DocumentCodecProvider{}, CollectionCodecProvider{}, IterableCodecProvider{}, MapCodecProvider{}, GeoJsonCodecProvider{}, GridFSFileCodecProvider{}, Jsr310CodecProvider{}, JsonObjectCodecProvider{}, BsonCodecProvider{}, EnumCodecProvider{}, com.mongodb.client.model.mql.ExpressionCodecProvider@571e2f15, com.mongodb.Jep395RecordCodecProvider@2552181d]}, loggerSettings=LoggerSettings{maxDocumentLength=1000}, clusterSettings={hosts=[127.0.0.1:27017], srvHost=alura-flix-test.qixe2kd.mongodb.net, srvServiceName=mongodb, mode=MULTIPLE, requiredClusterType=REPLICA_SET, requiredReplicaSetName='atlas-drlc27-shard-0', serverSelector='null', clusterListeners='[]', serverSelectionTimeout='30000 ms', localThreshold='30000 ms'}, socketSettings=SocketSettings{connectTimeoutMS=10000, readTimeoutMS=0, receiveBufferSize=0, sendBufferSize=0}, heartbeatSocketSettings=SocketSettings{connectTimeoutMS=10000, readTimeoutMS=10000, receiveBufferSize=0, sendBufferSize=0}, connectionPoolSettings=ConnectionPoolSettings{maxSize=100, minSize=0, maxWaitTimeMS=120000, maxConnectionLifeTimeMS=0, maxConnectionIdleTimeMS=0, maintenanceInitialDelayMS=0, maintenanceFrequencyMS=60000, connectionPoolListeners=[], maxConnecting=2}, serverSettings=ServerSettings{heartbeatFrequencyMS=10000, minHeartbeatFrequencyMS=500, serverListeners='[]', serverMonitorListeners='[]'}, sslSettings=SslSettings{enabled=true, invalidHostNameAllowed=false, context=null}, applicationName='null', compressorList=[], uuidRepresentation=JAVA_LEGACY, serverApi=null, autoEncryptionSettings=null, contextProvider=null}
2023-10-11T11:13:32.770+02:00  INFO 61904 --- [2kd.mongodb.net] org.mongodb.driver.cluster               : Adding discovered server ac-pxfz1qv-shard-00-01.qixe2kd.mongodb.net:27017 to client view of cluster
2023-10-11T11:13:32.772+02:00  INFO 61904 --- [2kd.mongodb.net] org.mongodb.driver.cluster               : Adding discovered server ac-pxfz1qv-shard-00-02.qixe2kd.mongodb.net:27017 to client view of cluster
2023-10-11T11:13:33.590+02:00  INFO 61904 --- [           main] c.a.a.i.repository.VideoRepositoryTest   : Started VideoRepositoryTest in 3.153 seconds (process running for 5.455)
2023-10-11T11:13:33.661+02:00  INFO 61904 --- [ngodb.net:27017] org.mongodb.driver.cluster               : Monitor thread successfully connected to server with description ServerDescription{address=ac-pxfz1qv-shard-00-00.qixe2kd.mongodb.net:27017, type=REPLICA_SET_SECONDARY, state=CONNECTED, ok=true, minWireVersion=0, maxWireVersion=17, maxDocumentSize=16777216, logicalSessionTimeoutMinutes=30, roundTripTimeNanos=404728442, setName='atlas-drlc27-shard-0', canonicalAddress=ac-pxfz1qv-shard-00-00.qixe2kd.mongodb.net:27017, hosts=[ac-pxfz1qv-shard-00-02.qixe2kd.mongodb.net:27017, ac-pxfz1qv-shard-00-00.qixe2kd.mongodb.net:27017, ac-pxfz1qv-shard-00-01.qixe2kd.mongodb.net:27017], passives=[], arbiters=[], primary='ac-pxfz1qv-shard-00-01.qixe2kd.mongodb.net:27017', tagSet=TagSet{[Tag{name='nodeType', value='ELECTABLE'}, Tag{name='provider', value='AWS'}, Tag{name='region', value='EU_WEST_1'}, Tag{name='workloadType', value='OPERATIONAL'}]}, electionId=null, setVersion=7, topologyVersion=TopologyVersion{processId=6520093767ce42f123fa7662, counter=4}, lastWriteDate=Wed Oct 11 11:13:33 CEST 2023, lastUpdateTimeNanos=60881518208207}
2023-10-11T11:13:33.662+02:00  INFO 61904 --- [ngodb.net:27017] org.mongodb.driver.cluster               : Monitor thread successfully connected to server with description ServerDescription{address=ac-pxfz1qv-shard-00-02.qixe2kd.mongodb.net:27017, type=REPLICA_SET_SECONDARY, state=CONNECTED, ok=true, minWireVersion=0, maxWireVersion=17, maxDocumentSize=16777216, logicalSessionTimeoutMinutes=30, roundTripTimeNanos=404728442, setName='atlas-drlc27-shard-0', canonicalAddress=ac-pxfz1qv-shard-00-02.qixe2kd.mongodb.net:27017, hosts=[ac-pxfz1qv-shard-00-02.qixe2kd.mongodb.net:27017, ac-pxfz1qv-shard-00-00.qixe2kd.mongodb.net:27017, ac-pxfz1qv-shard-00-01.qixe2kd.mongodb.net:27017], passives=[], arbiters=[], primary='ac-pxfz1qv-shard-00-01.qixe2kd.mongodb.net:27017', tagSet=TagSet{[Tag{name='nodeType', value='ELECTABLE'}, Tag{name='provider', value='AWS'}, Tag{name='region', value='EU_WEST_1'}, Tag{name='workloadType', value='OPERATIONAL'}]}, electionId=null, setVersion=7, topologyVersion=TopologyVersion{processId=65200d76134f8ca523c89cfa, counter=3}, lastWriteDate=Wed Oct 11 11:13:33 CEST 2023, lastUpdateTimeNanos=60881518353277}
2023-10-11T11:13:33.662+02:00  INFO 61904 --- [ngodb.net:27017] org.mongodb.driver.cluster               : Monitor thread successfully connected to server with description ServerDescription{address=ac-pxfz1qv-shard-00-01.qixe2kd.mongodb.net:27017, type=REPLICA_SET_PRIMARY, state=CONNECTED, ok=true, minWireVersion=0, maxWireVersion=17, maxDocumentSize=16777216, logicalSessionTimeoutMinutes=30, roundTripTimeNanos=416543488, setName='atlas-drlc27-shard-0', canonicalAddress=ac-pxfz1qv-shard-00-01.qixe2kd.mongodb.net:27017, hosts=[ac-pxfz1qv-shard-00-02.qixe2kd.mongodb.net:27017, ac-pxfz1qv-shard-00-00.qixe2kd.mongodb.net:27017, ac-pxfz1qv-shard-00-01.qixe2kd.mongodb.net:27017], passives=[], arbiters=[], primary='ac-pxfz1qv-shard-00-01.qixe2kd.mongodb.net:27017', tagSet=TagSet{[Tag{name='nodeType', value='ELECTABLE'}, Tag{name='provider', value='AWS'}, Tag{name='region', value='EU_WEST_1'}, Tag{name='workloadType', value='OPERATIONAL'}]}, electionId=7fffffff000000000000008d, setVersion=7, topologyVersion=TopologyVersion{processId=65200b8aaa9f840a5200d3aa, counter=6}, lastWriteDate=Wed Oct 11 11:13:33 CEST 2023, lastUpdateTimeNanos=60881518226305}
2023-10-11T11:13:33.669+02:00  INFO 61904 --- [ngodb.net:27017] org.mongodb.driver.cluster               : Discovered replica set primary ac-pxfz1qv-shard-00-01.qixe2kd.mongodb.net:27017 with max election id 7fffffff000000000000008d and max set version 7
]]></system-out>
  </testcase>
  <testcase name="findVideosByCategoriesTest" classname="com.alura.aluraflixapi.infraestructure.repository.VideoRepositoryTest" time="0.51"/>
</testsuite>