<?xml version="1.0" encoding="UTF-8"?>
<testsuite xmlns:xsi="http://www.w3.org/2001/XMLSchema-instance" xsi:noNamespaceSchemaLocation="https://maven.apache.org/surefire/maven-surefire-plugin/xsd/surefire-test-report-3.0.xsd" version="3.0" name="com.alura.aluraflixapi.infraestructure.service.CategoryServiceImplTest" time="1.569" tests="5" errors="0" skipped="0" failures="0">
  <properties>
[...]
</properties>
  <testcase name="should_return_all_categories_in_database" classname="com.alura.aluraflixapi.infraestructure.service.CategoryServiceImplTest" time="0.23">
    <system-out><![CDATA[2023-10-26T10:55:45.087+02:00  INFO 33900 --- [           main] t.c.s.AnnotationConfigContextLoaderUtils : Could not detect default configuration classes for test class [com.alura.aluraflixapi.infraestructure.service.CategoryServiceImplTest]: CategoryServiceImplTest does not declare any static, non-private, non-final, nested classes annotated with @Configuration.
]]></system-out>
  </testcase>
  <testcase name="should_delete_a_category_test" classname="com.alura.aluraflixapi.infraestructure.service.CategoryServiceImplTest" time="0.024"/>
  <testcase name="should_findCategory_by_id_test" classname="com.alura.aluraflixapi.infraestructure.service.CategoryServiceImplTest" time="0.044"/>
  <testcase name="should_return_a_category_searching_by_video_test" classname="com.alura.aluraflixapi.infraestructure.service.CategoryServiceImplTest" time="0.012"/>
  <testcase name="should_create_a_new_category_test" classname="com.alura.aluraflixapi.infraestructure.service.CategoryServiceImplTest" time="0.014"/>
</testsuite>